<?xml version="1.0" encoding="UTF-8"?>
<!-- Generated by org.testng.reporters.JUnitXMLReporter -->
<testsuite ignored="1" hostname="Nuvobook_V1" failures="0" tests="9" name="Default test" time="31.658" errors="0" timestamp="2024-12-07T16:10:55 IST">
  <testcase classname="product_listing_test.fakestore" name="add_new_product" time="6.489"/>
  <testcase classname="product_listing_test.fakestore" name="delete_a_product" time="5.596"/>
  <testcase classname="product_listing_test.fakestore" name="get_a_single_product" time="6.358"/>
  <testcase classname="product_listing_test.fakestore" name="get_all_categories" time="1.36"/>
  <testcase classname="product_listing_test.fakestore" name="get_all_product" time="1.655"/>
  <testcase classname="product_listing_test.fakestore" name="get_product_in_a_specific_categories" time="0.517"/>
  <testcase classname="product_listing_test.fakestore" name="limit_result" time="5.124"/>
  <testcase classname="product_listing_test.fakestore" name="sort_results" time="2.823"/>
  <testcase classname="product_listing_test.fakestore" name="update_a_product" time="1.68"/>
  <testcase classname="product_listing_test.fakestore" name="fake_store" time="0.0">
    <ignored/>
  </testcase> <!-- fake_store -->
</testsuite> <!-- Default test -->
