<?xml version="1.0" encoding="UTF-8"?>
<testng-results ignored="1" total="2" passed="1" failed="0" skipped="0">
  <reporter-output>
  </reporter-output>
  <suite started-at="2024-12-07T17:23:30 IST" name="Default suite" finished-at="2024-12-07T17:23:34 IST" duration-ms="3409">
    <groups>
    </groups>
    <test started-at="2024-12-07T17:23:30 IST" name="Default test" finished-at="2024-12-07T17:23:34 IST" duration-ms="3409">
      <class name="product_listing_test.login">
        <test-method signature="user_login()[pri:0, instance:product_listing_test.login@5b1669c0]" started-at="2024-12-07T17:23:30 IST" name="user_login" finished-at="2024-12-07T17:23:34 IST" duration-ms="3360" status="PASS">
          <reporter-output>
          </reporter-output>
        </test-method> <!-- user_login -->
      </class> <!-- product_listing_test.login -->
    </test> <!-- Default test -->
  </suite> <!-- Default suite -->
</testng-results>
