<?xml version="1.0" encoding="UTF-8"?>
<testng-results ignored="1" total="10" passed="9" failed="0" skipped="0">
  <reporter-output>
  </reporter-output>
  <suite started-at="2024-12-07T16:10:23 IST" name="Default suite" finished-at="2024-12-07T16:10:55 IST" duration-ms="31658">
    <groups>
    </groups>
    <test started-at="2024-12-07T16:10:23 IST" name="Default test" finished-at="2024-12-07T16:10:55 IST" duration-ms="31658">
      <class name="product_listing_test.fakestore">
        <test-method signature="add_new_product()[pri:0, instance:product_listing_test.fakestore@7d0b7e3c]" started-at="2024-12-07T16:10:23 IST" name="add_new_product" finished-at="2024-12-07T16:10:30 IST" duration-ms="6489" status="PASS">
          <reporter-output>
          </reporter-output>
        </test-method> <!-- add_new_product -->
        <test-method signature="delete_a_product()[pri:0, instance:product_listing_test.fakestore@7d0b7e3c]" started-at="2024-12-07T16:10:30 IST" name="delete_a_product" finished-at="2024-12-07T16:10:35 IST" duration-ms="5596" status="PASS">
          <reporter-output>
          </reporter-output>
        </test-method> <!-- delete_a_product -->
        <test-method signature="get_a_single_product()[pri:0, instance:product_listing_test.fakestore@7d0b7e3c]" started-at="2024-12-07T16:10:35 IST" name="get_a_single_product" finished-at="2024-12-07T16:10:42 IST" duration-ms="6358" status="PASS">
          <reporter-output>
          </reporter-output>
        </test-method> <!-- get_a_single_product -->
        <test-method signature="get_all_categories()[pri:0, instance:product_listing_test.fakestore@7d0b7e3c]" started-at="2024-12-07T16:10:42 IST" name="get_all_categories" finished-at="2024-12-07T16:10:43 IST" duration-ms="1360" status="PASS">
          <reporter-output>
          </reporter-output>
        </test-method> <!-- get_all_categories -->
        <test-method signature="get_all_product()[pri:0, instance:product_listing_test.fakestore@7d0b7e3c]" started-at="2024-12-07T16:10:43 IST" name="get_all_product" finished-at="2024-12-07T16:10:45 IST" duration-ms="1655" status="PASS">
          <reporter-output>
          </reporter-output>
        </test-method> <!-- get_all_product -->
        <test-method signature="get_product_in_a_specific_categories()[pri:0, instance:product_listing_test.fakestore@7d0b7e3c]" started-at="2024-12-07T16:10:45 IST" name="get_product_in_a_specific_categories" finished-at="2024-12-07T16:10:45 IST" duration-ms="517" status="PASS">
          <reporter-output>
          </reporter-output>
        </test-method> <!-- get_product_in_a_specific_categories -->
        <test-method signature="limit_result()[pri:0, instance:product_listing_test.fakestore@7d0b7e3c]" started-at="2024-12-07T16:10:45 IST" name="limit_result" finished-at="2024-12-07T16:10:50 IST" duration-ms="5124" status="PASS">
          <reporter-output>
          </reporter-output>
        </test-method> <!-- limit_result -->
        <test-method signature="sort_results()[pri:0, instance:product_listing_test.fakestore@7d0b7e3c]" started-at="2024-12-07T16:10:50 IST" name="sort_results" finished-at="2024-12-07T16:10:53 IST" duration-ms="2823" status="PASS">
          <reporter-output>
          </reporter-output>
        </test-method> <!-- sort_results -->
        <test-method signature="update_a_product()[pri:0, instance:product_listing_test.fakestore@7d0b7e3c]" started-at="2024-12-07T16:10:53 IST" name="update_a_product" finished-at="2024-12-07T16:10:55 IST" duration-ms="1680" status="PASS">
          <reporter-output>
          </reporter-output>
        </test-method> <!-- update_a_product -->
      </class> <!-- product_listing_test.fakestore -->
    </test> <!-- Default test -->
  </suite> <!-- Default suite -->
</testng-results>
